-------------------------------------------------------------------------------
Test set: org.dxc.shopping.ShoppingcartApplicationTests
-------------------------------------------------------------------------------
Tests run: 1, Failures: 0, Errors: 1, Skipped: 0, Time elapsed: 0.77 s <<< FAILURE! - in org.dxc.shopping.ShoppingcartApplicationTests
org.dxc.shopping.ShoppingcartApplicationTests  Time elapsed: 0.768 s  <<< ERROR!
java.lang.IllegalStateException: Unable to find a @SpringBootConfiguration, you need to use @ContextConfiguration or @SpringBootTest(classes=...) with your test

